Removed Pin From Net: NetName=RST Pin=MD1-27
Removed Pin From Net: NetName=+5 Pin=Solar Connector-
Change Component Designator: OldDesignator=Battery NewDesignator=Batery Connector
Add component: Footprint Not Found XCVR_NEO-6M-GPS
Added Component: Designator=J2(FP-U_FL-R-SMT-1_10-MFG)
Add component: Footprint Not Found FP-SRR1260-MFG
Add Pin To Net: Unknown Pin: Pin GPS-10
Add Pin To Net: Unknown Pin: Pin GPS-12
Add Pin To Net: Unknown Pin: Pin GPS-13
Add Pin To Net: Unknown Pin: Pin GPS-23
Add Pin To Net: Unknown Pin: Pin GPS-24
Added Pin To Net: NetName=GND Pin=MD1-1
Added Pin To Net: NetName=GND Pin=MD1-15
Added Pin To Net: NetName=RST Pin=MD1-23
Added Pin To Net: NetName=GND Pin=MD1-38
Added Pin To Net: NetName=GND Pin=MD1-39
Added Pin To Net: NetName=GND Pin=MD1-39
Added Pin To Net: NetName=GND Pin=MD1-39
Added Pin To Net: NetName=GND Pin=MD1-39
Added Pin To Net: NetName=GND Pin=MD1-39
Added Pin To Net: NetName=GND Pin=MD1-39
Added Pin To Net: NetName=GND Pin=MD1-39
Added Pin To Net: NetName=GND Pin=MD1-39
Added Pin To Net: NetName=GND Pin=MD1-39
Add Pin To Net: Unknown Pin: Pin Solar Connector-1
Added Pin To Net: NetName=GPS_RX Pin=MD1-28
Added Net: Name=GPS_RX
Added Pin To Net: NetName=GPS_TX Pin=MD1-27
Added Net: Name=GPS_TX
Added Net: Name=NetGPS_9
Added Pin To Net: NetName=NetGPS_11 Pin=J2-1
Added Net: Name=NetGPS_11
Added Member To Class: ClassName=Industrial Radio Member=Component Batery Connector B2B-PH-SM4-TB(LF)(SN)
Add Class Member: Failed to add class member : Component GPS NEO-6M-GPS
Added Member To Class: ClassName=Industrial Radio Member=Component J2 U.FL-R-SMT-1(10)
Added Member To Class: ClassName=Industrial Radio Member=Component J2 U.FL-R-SMT-1(10)
Add Class Member: Failed to add class member : Component L2 SRR1260-270M
