Add component: Footprint Not Found SM4-CON
Add component: Footprint Not Found CAP 0603_1608
Add component: Footprint Not Found CAP 0603_1608
Add component: Footprint Not Found CAP 0603_1608
Add component: Footprint Not Found MURATA GRM188 0603_1608
Add component: Footprint Not Found CAP 0603_1608
Add component: Footprint Not Found CAP 0603_1608
Add component: Footprint Not Found DIOM4325X250N
Add component: Footprint Not Found LED 1206_3216 GREEN
Add component: Footprint Not Found LED 1206_3216 RED
Add component: Footprint Not Found SAMTEC_MTSW-106-09-G-S-375-RA
Add component: Footprint Not Found FP-U_FL-R-SMT-1_10-MFG
Add component: Footprint Not Found IND_LPS3015-103MRB
Add component: Footprint Not Found RES 0603_1608
Add component: Footprint Not Found YAGEO RES 0603_1608
Add component: Footprint Not Found YAGEO RES 0603_1608
Add component: Footprint Not Found RES 0603_1608
Add component: Footprint Not Found RES 0603_1608
Add component: Footprint Not Found RES 0603_1608
Add component: Footprint Not Found RES 0603_1608
Add component: Footprint Not Found RES 0603_1608
Add component: Footprint Not Found RES 0603_1608
Add component: Footprint Not Found RES 0603_1608
Add component: Footprint Not Found RES 0603_1608
Add component: Footprint Not Found RES 0603_1608
Add component: Footprint Not Found RES 0603_1608
Add component: Footprint Not Found SM4-CON
Add component: Footprint Not Found SM4-CON
Add component: Footprint Not Found ESP32-WROOM-32
Add component: Footprint Not Found SOT95P280X145-6N
Add component: Footprint Not Found SOP127P600X175-9N
Add component: Footprint Not Found D0008A_M
Add component: Footprint Not Found XCVR_RFM95W-868S2
Add component: Footprint Not Found MODULE_DM-OLED096-636
Add Pin To Net: Unknown Pin: Pin -1
Add Pin To Net: Unknown Pin: Pin -2
Add Pin To Net: Unknown Pin: Pin 1-1
Add Pin To Net: Unknown Pin: Pin 1-2
Add Pin To Net: Unknown Pin: Pin C1-1
Add Pin To Net: Unknown Pin: Pin C1-2
Add Pin To Net: Unknown Pin: Pin C2-1
Add Pin To Net: Unknown Pin: Pin C2-2
Add Pin To Net: Unknown Pin: Pin C3-1
Add Pin To Net: Unknown Pin: Pin C3-2
Add Pin To Net: Unknown Pin: Pin C4-1
Add Pin To Net: Unknown Pin: Pin C4-2
Add Pin To Net: Unknown Pin: Pin C5-1
Add Pin To Net: Unknown Pin: Pin C5-2
Add Pin To Net: Unknown Pin: Pin C6-1
Add Pin To Net: Unknown Pin: Pin C6-2
Add Pin To Net: Unknown Pin: Pin D1-A
Add Pin To Net: Unknown Pin: Pin D1-C
Add Pin To Net: Unknown Pin: Pin D2-1
Add Pin To Net: Unknown Pin: Pin D2-2
Add Pin To Net: Unknown Pin: Pin D3-1
Add Pin To Net: Unknown Pin: Pin D3-2
Add Pin To Net: Unknown Pin: Pin J1-06
Add Pin To Net: Unknown Pin: Pin J2-1
Add Pin To Net: Unknown Pin: Pin J2-2
Add Pin To Net: Unknown Pin: Pin J2-3
Add Pin To Net: Unknown Pin: Pin L1-1
Add Pin To Net: Unknown Pin: Pin L1-2
Add Pin To Net: Unknown Pin: Pin R1-1
Add Pin To Net: Unknown Pin: Pin R1-2
Add Pin To Net: Unknown Pin: Pin R2-1
Add Pin To Net: Unknown Pin: Pin R2-2
Add Pin To Net: Unknown Pin: Pin R3-1
Add Pin To Net: Unknown Pin: Pin R3-2
Add Pin To Net: Unknown Pin: Pin R4-1
Add Pin To Net: Unknown Pin: Pin R4-2
Add Pin To Net: Unknown Pin: Pin R5-1
Add Pin To Net: Unknown Pin: Pin R5-2
Add Pin To Net: Unknown Pin: Pin R6-1
Add Pin To Net: Unknown Pin: Pin R6-2
Add Pin To Net: Unknown Pin: Pin R7-1
Add Pin To Net: Unknown Pin: Pin R7-2
Add Pin To Net: Unknown Pin: Pin R8-1
Add Pin To Net: Unknown Pin: Pin R8-2
Add Pin To Net: Unknown Pin: Pin R9-1
Add Pin To Net: Unknown Pin: Pin R9-2
Add Pin To Net: Unknown Pin: Pin R10-1
Add Pin To Net: Unknown Pin: Pin R10-2
Add Pin To Net: Unknown Pin: Pin R11-1
Add Pin To Net: Unknown Pin: Pin R11-2
Add Pin To Net: Unknown Pin: Pin R12-1
Add Pin To Net: Unknown Pin: Pin R12-2
Add Pin To Net: Unknown Pin: Pin R13-1
Add Pin To Net: Unknown Pin: Pin R13-2
Add Pin To Net: Unknown Pin: Pin Solar Connector-1
Add Pin To Net: Unknown Pin: Pin Solar Connector-2
Add Pin To Net: Unknown Pin: Pin U1-2
Add Pin To Net: Unknown Pin: Pin U1-3
Add Pin To Net: Unknown Pin: Pin U1-8
Add Pin To Net: Unknown Pin: Pin U1-12
Add Pin To Net: Unknown Pin: Pin U1-25
Add Pin To Net: Unknown Pin: Pin U1-27
Add Pin To Net: Unknown Pin: Pin U1-29
Add Pin To Net: Unknown Pin: Pin U1-30
Add Pin To Net: Unknown Pin: Pin U1-31
Add Pin To Net: Unknown Pin: Pin U1-33
Add Pin To Net: Unknown Pin: Pin U1-34
Add Pin To Net: Unknown Pin: Pin U1-35
Add Pin To Net: Unknown Pin: Pin U1-36
Add Pin To Net: Unknown Pin: Pin U1-37
Add Pin To Net: Unknown Pin: Pin U2-1
Add Pin To Net: Unknown Pin: Pin U2-2
Add Pin To Net: Unknown Pin: Pin U2-3
Add Pin To Net: Unknown Pin: Pin U2-4
Add Pin To Net: Unknown Pin: Pin U2-5
Add Pin To Net: Unknown Pin: Pin U3-1
Add Pin To Net: Unknown Pin: Pin U3-2
Add Pin To Net: Unknown Pin: Pin U3-3
Add Pin To Net: Unknown Pin: Pin U3-4
Add Pin To Net: Unknown Pin: Pin U3-5
Add Pin To Net: Unknown Pin: Pin U3-6
Add Pin To Net: Unknown Pin: Pin U3-7
Add Pin To Net: Unknown Pin: Pin U3-8
Add Pin To Net: Unknown Pin: Pin U4-1
Add Pin To Net: Unknown Pin: Pin U4-2
Add Pin To Net: Unknown Pin: Pin U4-3
Add Pin To Net: Unknown Pin: Pin U4-4
Add Pin To Net: Unknown Pin: Pin U4-8
Add Pin To Net: Unknown Pin: Pin U5-1
Add Pin To Net: Unknown Pin: Pin U5-2
Add Pin To Net: Unknown Pin: Pin U5-3
Add Pin To Net: Unknown Pin: Pin U5-4
Add Pin To Net: Unknown Pin: Pin U5-5
Add Pin To Net: Unknown Pin: Pin U5-6
Add Pin To Net: Unknown Pin: Pin U5-8
Add Pin To Net: Unknown Pin: Pin U5-9
Add Pin To Net: Unknown Pin: Pin U5-10
Add Pin To Net: Unknown Pin: Pin U5-13
Add Pin To Net: Unknown Pin: Pin U5-14
Add Pin To Net: Unknown Pin: Pin U6-1
Add Pin To Net: Unknown Pin: Pin U6-2
Add Pin To Net: Unknown Pin: Pin U6-3
Add Pin To Net: Unknown Pin: Pin U6-4
Add Class Member: Failed to add class member : Component 1 Rogowski Coil Connector
Add Class Member: Failed to add class member : Component C1 0.1µF
Add Class Member: Failed to add class member : Component C2 =VALUE
Add Class Member: Failed to add class member : Component C3 =VALUE
Add Class Member: Failed to add class member : Component C4 10 µF
Add Class Member: Failed to add class member : Component C5 0.1µF
Add Class Member: Failed to add class member : Component C6 1 µF
Add Class Member: Failed to add class member : Component D1 SS14
Add Class Member: Failed to add class member : Component D2 Green
Add Class Member: Failed to add class member : Component D3 Red
Add Class Member: Failed to add class member : Component J1 FTDI Connector
Add Class Member: Failed to add class member : Component J2 U.FL-R-SMT-1(10)
Add Class Member: Failed to add class member : Component L1 10µH
Add Class Member: Failed to add class member : Component R1 10 kOhms
Add Class Member: Failed to add class member : Component R2 33 kOhms
Add Class Member: Failed to add class member : Component R3 =Value
Add Class Member: Failed to add class member : Component R4 4.7 kOhms
Add Class Member: Failed to add class member : Component R5 10 kOhms
Add Class Member: Failed to add class member : Component R6 3.32 kOhms
Add Class Member: Failed to add class member : Component R7 1 kOhms
Add Class Member: Failed to add class member : Component R8 100 kOhms
Add Class Member: Failed to add class member : Component R9 1 kOhms
Add Class Member: Failed to add class member : Component R10 10 kOhms
Add Class Member: Failed to add class member : Component R11 10 kOhms
Add Class Member: Failed to add class member : Component R12 4.7 kOhms
Add Class Member: Failed to add class member : Component R13 4.7 kOhms
Add Class Member: Failed to add class member : Component Solar Connector B2B-PH-SM4-TB(LF)(SN)
Add Class Member: Failed to add class member : Component  Bat Connector
Add Class Member: Failed to add class member : Component U1 ESP32-WROOM-32
Add Class Member: Failed to add class member : Component U2 MT3608
Add Class Member: Failed to add class member : Component U3 TP4056
Add Class Member: Failed to add class member : Component U4 TLV2372IDR
Add Class Member: Failed to add class member : Component U5 RFM95W-868S2
Add Class Member: Failed to add class member : Component U6 DM-OLED096-636
