Add component: Footprint Not Found SM4-CON
Add component: Footprint Not Found CAP 0603_1608
Add component: Footprint Not Found CAP 0603_1608
Add component: Footprint Not Found CAP 0603_1608
Add component: Footprint Not Found MURATA GRM188 0603_1608
Add component: Footprint Not Found CAP 0603_1608
Add component: Footprint Not Found CAP 0603_1608
Add component: Footprint Not Found DIOM4325X250N
Add component: Footprint Not Found LED 1206_3216 GREEN
Add component: Footprint Not Found LED 1206_3216 RED
Add component: Footprint Not Found SAMTEC_MTSW-106-09-G-S-375-RA
Add component: Footprint Not Found FP-U_FL-R-SMT-1_10-MFG
Add component: Footprint Not Found IND_LPS3015-103MRB
Add component: Footprint Not Found RES 0603_1608
Add component: Footprint Not Found YAGEO RES 0603_1608
Add component: Footprint Not Found YAGEO RES 0603_1608
Add component: Footprint Not Found RES 0603_1608
Add component: Footprint Not Found RES 0603_1608
Add component: Footprint Not Found RES 0603_1608
Add component: Footprint Not Found RES 0603_1608
Add component: Footprint Not Found RES 0603_1608
Add component: Footprint Not Found RES 0603_1608
Add component: Footprint Not Found RES 0603_1608
Add component: Footprint Not Found RES 0603_1608
Add component: Footprint Not Found RES 0603_1608
Add component: Footprint Not Found RES 0603_1608
Add component: Footprint Not Found SM4-CON
Add component: Footprint Not Found SM4-CON
Add component: Footprint Not Found ESP32-WROOM-32
Add component: Footprint Not Found SOT95P280X145-6N
Add component: Footprint Not Found SOP127P600X175-9N
Add component: Footprint Not Found D0008A_M
Add component: Footprint Not Found XCVR_RFM95W-868S2
Add component: Footprint Not Found MODULE_DM-OLED096-636
Added Net: Name=+3
Added Net: Name=+5
Added Net: Name=3V3
Added Net: Name=ADC In
Added Net: Name=ANT
Added Net: Name=Bat+
Added Net: Name=Chrg
Added Net: Name=CST
Added Net: Name=DTR
Added Net: Name=FB
Added Net: Name=GND
Added Net: Name=IO0
Added Net: Name=MISO
Added Net: Name=MOSI
Added Net: Name=Net1_1
Added Net: Name=Net_1
Added Net: Name=NetC1_2
Added Net: Name=NetC2_2
Added Net: Name=NetC4_2
Added Net: Name=NetC5_2
Added Net: Name=NetC6_1
Added Net: Name=NetD1_A
Added Net: Name=NetD2_2
Added Net: Name=NetD3_2
Added Net: Name=NetR6_2
Added Net: Name=NetR10_2
Added Net: Name=RST
Added Net: Name=RX
Added Net: Name=SCK
Added Net: Name=SCL
Added Net: Name=SDA
Added Net: Name=Stdby
Added Net: Name=TX
Added Class: Name=Industrial Radio
Added Rule: Name=Schematic Supply Nets
Added Rule: Name=Schematic Supply Nets_1
Added Rule: Name=Schematic Supply Nets_2
